Arguments: 
  /Users/portoped/.nvm/versions/node/v14.16.1/bin/node /usr/local/Cellar/yarn/1.22.4/libexec/bin/yarn.js

PATH: 
  /usr/local/Cellar/maven/3.6.3_1/libexec/bin:/Users/portoped/.nvm/versions/node/v14.16.1/bin:/usr/local/bin:/usr/bin:/bin:/usr/sbin:/sbin

Yarn version: 
  1.22.4

Node version: 
  14.16.1

Platform: 
  darwin x64

Trace: 
  SyntaxError: /Users/portoped/Library/Caches/Yarn/v6/npm-@babel-plugin-syntax-typescript-7.18.6-1c09cd25795c7c2b8a4ba9ae49394576d4133285-integrity/node_modules/@babel/plugin-syntax-typescript/.yarn-metadata.json: Unexpected end of JSON input
      at JSON.parse (<anonymous>)
      at /usr/local/Cellar/yarn/1.22.4/libexec/lib/cli.js:1625:59
      at Generator.next (<anonymous>)
      at step (/usr/local/Cellar/yarn/1.22.4/libexec/lib/cli.js:310:30)
      at /usr/local/Cellar/yarn/1.22.4/libexec/lib/cli.js:321:13

npm manifest: 
  {
    "name": "@pp/vite-plugin-vue-wc-css",
    "version": "0.1.0",
    "description": "vite plugin for CSS in web components",
    "main": "./dist/index.js",
    "module": "./dist/index.js",
    "types": "./dist/index.d.ts",
    "exports": {
      "./custom-element": {
        "import": "./dist/custom-element.js",
        "require": "./dist/custom-element.js",
        "types": "./dist/custom-element.d.ts"
      },
      ".": {
        "import": "./dist/index.js",
        "require": "./dist/index.js",
        "types": "./dist/index.d.ts"
      }
    },
    "typesVersions": {
      "*": {
        "custom-element": [
          "dist/custom-element.d.ts"
        ]
      }
    },
    "scripts": {
      "build": "tsc"
    },
    "keywords": [],
    "author": "Pedro Porto",
    "license": "MIT",
    "publishConfig": {
      "scope": "@pp"
    },
    "peerDependencies": {
      "vite": "^2.9.9"
    },
    "devDependencies": {
      "@compodoc/compodoc": "1.1.19",
      "@rollup/plugin-commonjs": "21.0.2",
      "@rollup/plugin-replace": "4.0.0",
      "@types/jest": "26.0.24",
      "@typescript-eslint/eslint-plugin": "4.25.0",
      "@typescript-eslint/parser": "4.25.0",
      "concurrently": "7.0.0",
      "cross-env": "7.0.3",
      "eslint": "7.32.0",
      "jest": "27.5.1",
      "jest-cli": "27.5.1",
      "lint-staged": "12.3.5",
      "prettier": "2.5.1",
      "rollup": "2.70.0",
      "rollup-plugin-filesize": "9.1.2",
      "rollup-plugin-terser": "7.0.2",
      "rollup-plugin-ts": "2.0.4",
      "serve": "13.0.2",
      "stylelint": "14.9.1",
      "ts-jest": "27.1.4",
      "typescript": "4.6.2",
      "vite": "^2.9.9"
    }
  }

yarn manifest: 
  No manifest

Lockfile: 
  No lockfile
